c:\users\vivi\source\repos\tp-algoritmos3\tp-algoritmos3\x64\debug\tp-algoritmos3.pch
c:\users\vivi\source\repos\tp-algoritmos3\tp-algoritmos3\x64\debug\vc143.pdb
c:\users\vivi\source\repos\tp-algoritmos3\tp-algoritmos3\x64\debug\pch.obj
c:\users\vivi\source\repos\tp-algoritmos3\tp-algoritmos3\x64\debug\assemblyinfo.obj
c:\users\vivi\source\repos\tp-algoritmos3\tp-algoritmos3\x64\debug\.netframework,version=v4.7.2.assemblyattributes.obj
c:\users\vivi\source\repos\tp-algoritmos3\tp-algoritmos3\x64\debug\tp-algoritmos3.obj
c:\users\vivi\source\repos\tp-algoritmos3\x64\debug\tp-algoritmos3.exe
c:\users\vivi\source\repos\tp-algoritmos3\x64\debug\tp-algoritmos3.pdb
c:\users\vivi\source\repos\tp-algoritmos3\tp-algoritmos3\x64\debug\app.res
c:\users\vivi\source\repos\tp-algoritmos3\tp-algoritmos3\x64\debug\tp-algoritmos3.tlog\cl.command.1.tlog
c:\users\vivi\source\repos\tp-algoritmos3\tp-algoritmos3\x64\debug\tp-algoritmos3.tlog\cl.items.tlog
c:\users\vivi\source\repos\tp-algoritmos3\tp-algoritmos3\x64\debug\tp-algoritmos3.tlog\cl.read.1.tlog
c:\users\vivi\source\repos\tp-algoritmos3\tp-algoritmos3\x64\debug\tp-algoritmos3.tlog\cl.write.1.tlog
c:\users\vivi\source\repos\tp-algoritmos3\tp-algoritmos3\x64\debug\tp-algoritmos3.tlog\link.command.1.tlog
c:\users\vivi\source\repos\tp-algoritmos3\tp-algoritmos3\x64\debug\tp-algoritmos3.tlog\link.read.1.tlog
c:\users\vivi\source\repos\tp-algoritmos3\tp-algoritmos3\x64\debug\tp-algoritmos3.tlog\link.secondary.1.tlog
c:\users\vivi\source\repos\tp-algoritmos3\tp-algoritmos3\x64\debug\tp-algoritmos3.tlog\link.write.1.tlog
c:\users\vivi\source\repos\tp-algoritmos3\tp-algoritmos3\x64\debug\tp-algoritmos3.tlog\metagen.read.1.tlog
c:\users\vivi\source\repos\tp-algoritmos3\tp-algoritmos3\x64\debug\tp-algoritmos3.tlog\metagen.write.1.tlog
c:\users\vivi\source\repos\tp-algoritmos3\tp-algoritmos3\x64\debug\tp-algoritmos3.tlog\rc.command.1.tlog
c:\users\vivi\source\repos\tp-algoritmos3\tp-algoritmos3\x64\debug\tp-algoritmos3.tlog\rc.read.1.tlog
c:\users\vivi\source\repos\tp-algoritmos3\tp-algoritmos3\x64\debug\tp-algoritmos3.tlog\rc.write.1.tlog
